[Server(14408) architectures/] onInitialize
[Server(14408) architectures/] setupInitialStylemap
[Server(14408) architectures/] Document opened: createSolutions.js
[Server(14408) architectures/] Document changed: createSolutions.js
[Server(14408) architectures/] Document changed: createSolutions.js
[Server(14408) architectures/] Document changed: createSolutions.js
[Server(14408) architectures/] Document changed: createSolutions.js
[Server(14408) architectures/] Document changed: createSolutions.js
[Server(14408) architectures/] Document changed: createSolutions.js
new 1210
Invalid Selector
[Server(14408) architectures/] Document changed: createSolutions.js
[Server(14408) architectures/] Document changed: createSolutions.js
[Server(14408) architectures/] Document changed: createSolutions.js
[Server(14408) architectures/] Document changed: createSolutions.js
src 854
Invalid Selector
[Server(14408) architectures/] Document changed: createSolutions.js
myImage.src 1238
Invalid Selector
myImage.src 1238
Invalid Selector
[Server(14408) architectures/] Document changed: createSolutions.js
[Server(14408) architectures/] Document changed: createSolutions.js
