[Server(11108) architectures/] onInitialize
[Server(11108) architectures/] setupInitialStylemap
[Server(11108) architectures/] Document opened: createSolutions.js
[Server(11108) architectures/] Document changed: createSolutions.js
[Server(11108) architectures/] Document changed: createSolutions.js
[Server(11108) architectures/] Document changed: createSolutions.js
[Server(11108) architectures/] Document changed: createSolutions.js
[Server(11108) architectures/] Document changed: createSolutions.js
[Server(11108) architectures/] Document changed: createSolutions.js
snippet.slice(0, 1088
Invalid Selector
[Server(11108) architectures/] Document changed: createSolutions.js
[Server(11108) architectures/] Document changed: createSolutions.js
[Server(11108) architectures/] Document changed: createSolutions.js
[Server(11108) architectures/] Document changed: createSolutions.js
[Server(11108) architectures/] Document changed: createSolutions.js
${imagePath}` 1758
Invalid Selector
[Server(11108) architectures/] Document changed: createSolutions.js
Desktop/Output/Pics/ 1757
Invalid Selector
Desktop/Output/Pics/ 1757
Invalid Selector
[Server(11108) architectures/] Document changed: createSolutions.js
${imagePath}` 1758
Invalid Selector
[Server(11108) architectures/] Document changed: createSolutions.js
(imagePath 1896
Invalid Selector
[Server(11108) architectures/] Document changed: createSolutions.js
[Server(11108) architectures/] Document changed: createSolutions.js
[Server(11108) architectures/] Document changed: createSolutions.js
[Server(11108) architectures/] Document changed: createSolutions.js
[Server(11108) architectures/] Document changed: createSolutions.js
[Server(11108) architectures/] Document changed: createSolutions.js
[Server(11108) architectures/] Document changed: createSolutions.js
[Server(11108) architectures/] Document changed: createSolutions.js
[Server(11108) architectures/] Document changed: createSolutions.js
tmpImage 1317
Invalid Selector
tmpImage 1317
Invalid Selector
[Server(11108) architectures/] Document changed: createSolutions.js
sharp(tmpImage).resize({width: 1879
Invalid Selector
(imagePath 1708
Invalid Selector
[Server(11108) architectures/] Document changed: createSolutions.js
sharp( 1436
Invalid Selector
[Server(11108) architectures/] Document changed: createSolutions.js
sharp( 1436
Invalid Selector
tmpImage 1319
Invalid Selector
[Server(11108) architectures/] Document changed: createSolutions.js
var 1303
Invalid Selector
[Server(11108) architectures/] Document changed: createSolutions.js
[Server(11108) architectures/] Document changed: createSolutions.js
[Server(11108) architectures/] Document changed: createSolutions.js
[Server(11108) architectures/] Document changed: createSolutions.js
[Server(11108) architectures/] Document changed: createSolutions.js
[Server(11108) architectures/] Document changed: createSolutions.js
600}).toFile( 1902
Invalid Selector
tmpImage).resize({width: 1877
Invalid Selector
[Server(11108) architectures/] Document changed: createSolutions.js
[Server(11108) architectures/] Document changed: createSolutions.js
[Server(11108) architectures/] Document changed: createSolutions.js
tmpImage 1307
Invalid Selector
).resize({width: 1934
Invalid Selector
[Server(11108) architectures/] Document changed: createSolutions.js
[Server(11108) architectures/] Document changed: createSolutions.js
tmpImage).resize({width: 1877
Invalid Selector
[Server(11108) architectures/] Document changed: createSolutions.js
[Server(11108) architectures/] Document changed: createSolutions.js
[Server(11108) architectures/] Document changed: createSolutions.js
C:\\xampp\\htdocs\\website\\pages\\architectures\\solutions\\monitoring\\Monitoring.png 1525
Invalid Selector
${dirItem}/${imagePath}` 1728
Invalid Selector
[Server(11108) architectures/] Document changed: createSolutions.js
${dirItem}/${imagePath}).resize({width: 1890
Invalid Selector
${imagePath}).resize({width: 1901
Invalid Selector
[Server(11108) architectures/] Document changed: createSolutions.js
[Server(11108) architectures/] Document changed: createSolutions.js
[Server(11108) architectures/] Document changed: createSolutions.js
[Server(11108) architectures/] Document changed: createSolutions.js
[Server(11108) architectures/] Document changed: createSolutions.js
[Server(11108) architectures/] Document changed: createSolutions.js
C:\\xampp\\htdocs\\website\\pages\\architectures\\solutions\\monitoring\\Monitoring.png 2222
Invalid Selector
[Server(11108) architectures/] Document changed: createSolutions.js
${dirItem}/${imagePath}` 1847
Invalid Selector
[Server(11108) architectures/] Document changed: createSolutions.js
ToDo 1172
Invalid Selector
[Server(11108) architectures/] Document changed: createSolutions.js
[Server(11108) architectures/] Document changed: createSolutions.js
[Server(11108) architectures/] Document changed: createSolutions.js
[Server(11108) architectures/] Document changed: createSolutions.js
[Server(11108) architectures/] Document changed: createSolutions.js
[Server(11108) architectures/] Document changed: createSolutions.js
[Server(11108) architectures/] Document changed: createSolutions.js
).toString()).resize({width: 1876
Invalid Selector
tmpImage 1248
Invalid Selector
[Server(11108) architectures/] Document changed: createSolutions.js
sharp(tmpImage.toString()).resize({width: 1807
Invalid Selector
sharp(tmpImage.toString()).resize({width: 1807
Invalid Selector
[Server(11108) architectures/] Document changed: createSolutions.js
[Server(11108) architectures/] Document changed: createSolutions.js
[Server(11108) architectures/] Document changed: createSolutions.js
[Server(11108) architectures/] Document changed: createSolutions.js
[Server(11108) architectures/] Document changed: createSolutions.js
[Server(11108) architectures/] Document changed: createSolutions.js
[Server(11108) architectures/] Document changed: createSolutions.js
[Server(11108) architectures/] Document changed: createSolutions.js
[Server(11108) architectures/] Document changed: createSolutions.js
[Server(11108) architectures/] Document changed: createSolutions.js
[Server(11108) architectures/] Document changed: createSolutions.js
[Server(11108) architectures/] Document changed: createSolutions.js
[Server(11108) architectures/] Document changed: createSolutions.js
[Server(11108) architectures/] Document changed: createSolutions.js
[Server(11108) architectures/] Document changed: createSolutions.js
[Server(11108) architectures/] Document changed: createSolutions.js
[Server(11108) architectures/] Document changed: createSolutions.js
[Server(11108) architectures/] Document changed: createSolutions.js
[Server(11108) architectures/] Document changed: createSolutions.js
[Server(11108) architectures/] Document changed: createSolutions.js
[Server(11108) architectures/] Document changed: createSolutions.js
[Server(11108) architectures/] Document changed: createSolutions.js
[Server(11108) architectures/] Document changed: createSolutions.js
[Server(11108) architectures/] Document changed: createSolutions.js
[Server(11108) architectures/] Document changed: createSolutions.js
[Server(11108) architectures/] Document changed: createSolutions.js
[Server(11108) architectures/] Document changed: createSolutions.js
[Server(11108) architectures/] Document changed: createSolutions.js
[Server(11108) architectures/] Document changed: createSolutions.js
[Server(11108) architectures/] Document changed: createSolutions.js
[Server(11108) architectures/] Document changed: createSolutions.js
[Server(11108) architectures/] Document changed: createSolutions.js
[Server(11108) architectures/] Document changed: createSolutions.js
[Server(11108) architectures/] Document changed: createSolutions.js
[Server(11108) architectures/] Document changed: createSolutions.js
[Server(11108) architectures/] Document changed: createSolutions.js
[Server(11108) architectures/] Document changed: createSolutions.js
[Server(11108) architectures/] Document changed: createSolutions.js
[Server(11108) architectures/] Document changed: createSolutions.js
[Server(11108) architectures/] Document changed: createSolutions.js
[Server(11108) architectures/] Document changed: createSolutions.js
[Server(11108) architectures/] Document changed: createSolutions.js
[Server(11108) architectures/] Document changed: createSolutions.js
[Server(11108) architectures/] Document changed: createSolutions.js
[Server(11108) architectures/] Document changed: createSolutions.js
[Server(11108) architectures/] Document changed: createSolutions.js
[Server(11108) architectures/] Document changed: createSolutions.js
[Server(11108) architectures/] Document changed: createSolutions.js
[Server(11108) architectures/] Document changed: createSolutions.js
[Server(11108) architectures/] Document changed: createSolutions.js
[Server(11108) architectures/] Document changed: createSolutions.js
[Server(11108) architectures/] Document changed: createSolutions.js
${dirItem}/${imagePath}` 1292
Invalid Selector
C:\\xampp\\htdocs\\website\\pages\\architectures\\solutions\\monitoring\\Monitoring.png 2236
Invalid Selector
[Server(11108) architectures/] Document changed: createSolutions.js
[Server(11108) architectures/] Document changed: createSolutions.js
``).resize({width: 1867
Invalid Selector
[Server(11108) architectures/] Document changed: createSolutions.js
``).resize({width: 1867
Invalid Selector
solutions/${dirItem}/${imagePath}` 1659
Invalid Selector
[Server(11108) architectures/] Document changed: createSolutions.js
${dirItem}/${imagePath}` 1292
Invalid Selector
[Server(11108) architectures/] Document changed: createSolutions.js
`${dirItem}`).resize({width: 1867
Invalid Selector
[Server(11108) architectures/] Document changed: createSolutions.js
[Server(11108) architectures/] Document changed: createSolutions.js
[Server(11108) architectures/] Document changed: createSolutions.js
[Server(11108) architectures/] Document changed: createSolutions.js
[Server(11108) architectures/] Document changed: createSolutions.js
[Server(11108) architectures/] Document changed: createSolutions.js
`${dirItem}` 1867
Invalid Selector
[Server(11108) architectures/] Document changed: createSolutions.js
${imagePath}` 1303
Invalid Selector
[Server(11108) architectures/] Document changed: createSolutions.js
[Server(11108) architectures/] Document changed: createSolutions.js
${imagePath}` 1680
Invalid Selector
[Server(11108) architectures/] Document changed: createSolutions.js
[Server(11108) architectures/] Document changed: createSolutions.js
[Server(11108) architectures/] Document changed: createSolutions.js
[Server(11108) architectures/] Document changed: createSolutions.js
[Server(11108) architectures/] Document changed: createSolutions.js
[Server(11108) architectures/] Document changed: createSolutions.js
[Server(11108) architectures/] Document changed: createSolutions.js
[Server(11108) architectures/] Document changed: createSolutions.js
[Server(11108) architectures/] Document changed: createSolutions.js
tmpImage.replace( 1351
Invalid Selector
).resize({width: 1855
Invalid Selector
[Server(11108) architectures/] Document changed: createSolutions.js
(imagePath 1855
Invalid Selector
[Server(11108) architectures/] Document changed: createSolutions.js
[Server(11108) architectures/] Document changed: createSolutions.js
[Server(11108) architectures/] Document changed: createSolutions.js
[Server(11108) architectures/] Document changed: createSolutions.js
[Server(11108) architectures/] Document changed: createSolutions.js
[Server(11108) architectures/] Document changed: createSolutions.js
[Server(11108) architectures/] Document changed: createSolutions.js
[Server(11108) architectures/] Document changed: createSolutions.js
C:\\xampp\\htdocs\\website\\pages\\architectures\\solutions\\monitoring\\Monitoring.png 2246
Invalid Selector
[Server(11108) architectures/] Document changed: createSolutions.js
[Server(11108) architectures/] Document changed: createSolutions.js
[Server(11108) architectures/] Document changed: createSolutions.js
[Server(11108) architectures/] Document changed: createSolutions.js
[Server(11108) architectures/] Document changed: createSolutions.js
[Server(11108) architectures/] Document changed: createSolutions.js
[Server(11108) architectures/] Document changed: createSolutions.js
[Server(11108) architectures/] Document changed: createSolutions.js
[Server(11108) architectures/] Document changed: createSolutions.js
[Server(11108) architectures/] Document changed: createSolutions.js
[Server(11108) architectures/] Document changed: createSolutions.js
[Server(11108) architectures/] Document changed: createSolutions.js
${imagePath}`).resize({width: 1880
Invalid Selector
Pics/ 1956
Invalid Selector
mdaniel/Desktop/Output/Pics/ 1933
Invalid Selector
C:/Users/mdaniel/Desktop/Output/Pics/ 1924
Invalid Selector
[Server(11108) architectures/] Document changed: createSolutions.js
C:/Users/mdaniel/Desktop/Output/Pics/ 1924
Invalid Selector
[Server(11108) architectures/] Document changed: createSolutions.js
600}).toFile(`C:/Users/mdaniel/Desktop/Output/Pics/ 1910
Invalid Selector
1 1980
Invalid Selector
[Server(11108) architectures/] Document changed: createSolutions.js
[Server(11108) architectures/] Document changed: createSolutions.js
[Server(11108) architectures/] Document changed: createSolutions.js
[Server(11108) architectures/] Document changed: createSolutions.js
`C:/Users/mdaniel/Desktop/Output/Pics/${dirItem}1`, 2398
Invalid Selector
if((imagePath 1810
Invalid Selector
[Server(11108) architectures/] Document changed: createSolutions.js
[Server(11108) architectures/] Document changed: createSolutions.js
[Server(11108) architectures/] Document changed: createSolutions.js
[Server(11108) architectures/] Document changed: createSolutions.js
[Server(11108) architectures/] Document changed: createSolutions.js
[Server(11108) architectures/] Document changed: createSolutions.js
[Server(11108) architectures/] Document changed: createSolutions.js
[Server(11108) architectures/] Document changed: createSolutions.js
[Server(11108) architectures/] Document changed: createSolutions.js
[Server(11108) architectures/] Document changed: createSolutions.js
[Server(11108) architectures/] Document changed: createSolutions.js
[Server(11108) architectures/] Document changed: createSolutions.js
[Server(11108) architectures/] Document changed: createSolutions.js
[Server(11108) architectures/] Document changed: createSolutions.js
[Server(11108) architectures/] Document changed: createSolutions.js
[Server(11108) architectures/] Document changed: createSolutions.js
${dirItem}/_previewImage.png`); 1966
Invalid Selector
[Server(11108) architectures/] Document changed: createSolutions.js
[Server(11108) architectures/] Document changed: createSolutions.js
[Server(11108) architectures/] Document changed: createSolutions.js
[Server(11108) architectures/] Document changed: createSolutions.js
[Server(11108) architectures/] Document changed: createSolutions.js
[Server(11108) architectures/] Document changed: createSolutions.js
[Server(11108) architectures/] Document changed: createSolutions.js
[Server(11108) architectures/] Document changed: createSolutions.js
[Server(11108) architectures/] Document changed: createSolutions.js
[Server(11108) architectures/] Document changed: createSolutions.js
[Server(11108) architectures/] Document changed: createSolutions.js
[Server(11108) architectures/] Document changed: createSolutions.js
[Server(11108) architectures/] Document changed: createSolutions.js
[Server(11108) architectures/] Document changed: createSolutions.js
[Server(11108) architectures/] Document changed: createSolutions.js
[Server(11108) architectures/] Document changed: createSolutions.js
[Server(11108) architectures/] Document changed: createSolutions.js
[Server(11108) architectures/] Document changed: createSolutions.js
[Server(11108) architectures/] Document changed: createSolutions.js
_previewImage.png`); 1952
Invalid Selector
[Server(11108) architectures/] Document changed: createSolutions.js
[Server(11108) architectures/] Document changed: createSolutions.js
[Server(11108) architectures/] Document changed: createSolutions.js
[Server(11108) architectures/] Document changed: createSolutions.js
[Server(11108) architectures/] Document changed: createSolutions.js
[Server(11108) architectures/] Document changed: createSolutions.js
[Server(11108) architectures/] Document changed: createSolutions.js
[Server(11108) architectures/] Document changed: createSolutions.js
[Server(11108) architectures/] Document changed: createSolutions.js
[Server(11108) architectures/] Document changed: createSolutions.js
[Server(11108) architectures/] Document changed: createSolutions.js
[Server(11108) architectures/] Document changed: createSolutions.js
[Server(11108) architectures/] Document changed: createSolutions.js
[Server(11108) architectures/] Document changed: createSolutions.js
[Server(11108) architectures/] Document changed: createSolutions.js
(imagePath 1625
Invalid Selector
[Server(11108) architectures/] Document changed: createSolutions.js
[Server(11108) architectures/] Document changed: createSolutions.js
[Server(11108) architectures/] Document changed: createSolutions.js
[Server(11108) architectures/] Document changed: createSolutions.js
imagePath 2008
Invalid Selector
[Server(11108) architectures/] Document changed: createSolutions.js
[Server(11108) architectures/] Document changed: createSolutions.js
[Server(11108) architectures/] Document changed: createSolutions.js
[Server(11108) architectures/] Document changed: createSolutions.js
