[Server(4620) architectures/] onInitialize
[Server(4620) architectures/] setupInitialStylemap
[Server(4620) architectures/] Document opened: createSolutions.js
[Server(4620) architectures/] Document changed: createSolutions.js
[Server(4620) architectures/] Document changed: createSolutions.js
[Server(4620) architectures/] Document changed: createSolutions.js
[Server(4620) architectures/] Document changed: createSolutions.js
[Server(4620) architectures/] Document changed: createSolutions.js
[Server(4620) architectures/] Document changed: createSolutions.js
[Server(4620) architectures/] Document changed: createSolutions.js
[Server(4620) architectures/] Document changed: createSolutions.js
[Server(4620) architectures/] Document changed: createSolutions.js
[Server(4620) architectures/] Document changed: createSolutions.js
[Server(4620) architectures/] Document changed: createSolutions.js
[Server(4620) architectures/] Document changed: createSolutions.js
[Server(4620) architectures/] Document changed: createSolutions.js
[Server(4620) architectures/] Document changed: createSolutions.js
[Server(4620) architectures/] Document changed: createSolutions.js
[Server(4620) architectures/] Document changed: createSolutions.js
[Server(4620) architectures/] Document changed: createSolutions.js
[Server(4620) architectures/] Document changed: createSolutions.js
[Server(4620) architectures/] Document changed: createSolutions.js
[Server(4620) architectures/] Document changed: createSolutions.js
[Server(4620) architectures/] Document changed: createSolutions.js
[Server(4620) architectures/] Document changed: createSolutions.js
[Server(4620) architectures/] Document changed: createSolutions.js
var 1194
Invalid Selector
[Server(4620) architectures/] Document changed: createSolutions.js
var 1194
Invalid Selector
var 1194
Invalid Selector
[Server(4620) architectures/] Document changed: createSolutions.js
.paragraph 967
Invalid Selector
.paragraph 967
Invalid Selector
[Server(4620) architectures/] Document changed: createSolutions.js
[Server(4620) architectures/] Document changed: createSolutions.js
[Server(4620) architectures/] Document changed: createSolutions.js
[Server(4620) architectures/] Document changed: createSolutions.js
[Server(4620) architectures/] Document changed: createSolutions.js
[Server(4620) architectures/] Document changed: createSolutions.js
[Server(4620) architectures/] Document changed: createSolutions.js
[Server(4620) architectures/] Document changed: createSolutions.js
[Server(4620) architectures/] Document changed: createSolutions.js
[Server(4620) architectures/] Document changed: createSolutions.js
[Server(4620) architectures/] Document changed: createSolutions.js
[Server(4620) architectures/] Document changed: createSolutions.js
[Server(4620) architectures/] Document changed: createSolutions.js
[Server(4620) architectures/] Document changed: createSolutions.js
[Server(4620) architectures/] Document changed: createSolutions.js
[Server(4620) architectures/] Document changed: createSolutions.js
[Server(4620) architectures/] Document changed: createSolutions.js
[Server(4620) architectures/] Document changed: createSolutions.js
[Server(4620) architectures/] Document changed: createSolutions.js
[Server(4620) architectures/] Document changed: createSolutions.js
[Server(4620) architectures/] Document changed: createSolutions.js
[Server(4620) architectures/] Document changed: createSolutions.js
[Server(4620) architectures/] Document changed: createSolutions.js
[Server(4620) architectures/] Document changed: createSolutions.js
[Server(4620) architectures/] Document changed: createSolutions.js
[Server(4620) architectures/] Document changed: createSolutions.js
[Server(4620) architectures/] Document changed: createSolutions.js
[Server(4620) architectures/] Document changed: createSolutions.js
[Server(4620) architectures/] Document changed: createSolutions.js
[Server(4620) architectures/] Document changed: createSolutions.js
[Server(4620) architectures/] Document changed: createSolutions.js
[Server(4620) architectures/] Document changed: createSolutions.js
[Server(4620) architectures/] Document changed: createSolutions.js
[Server(4620) architectures/] Document changed: createSolutions.js
[Server(4620) architectures/] Document changed: createSolutions.js
[Server(4620) architectures/] Document changed: createSolutions.js
[Server(4620) architectures/] Document changed: createSolutions.js
myImage.src 1236
Invalid Selector
[Server(4620) architectures/] Document changed: createSolutions.js
let 1243
Invalid Selector
myImage.src 1277
Invalid Selector
[Server(4620) architectures/] Document changed: createSolutions.js
[Server(4620) architectures/] Document changed: createSolutions.js
[Server(4620) architectures/] Document changed: createSolutions.js
[Server(4620) architectures/] Document changed: createSolutions.js
[Server(4620) architectures/] Document changed: createSolutions.js
[Server(4620) architectures/] Document changed: createSolutions.js
[Server(4620) architectures/] Document changed: createSolutions.js
[Server(4620) architectures/] Document changed: createSolutions.js
[Server(4620) architectures/] Document changed: createSolutions.js
[Server(4620) architectures/] Document changed: createSolutions.js
[Server(4620) architectures/] Document changed: createSolutions.js
[Server(4620) architectures/] Document changed: createSolutions.js
[Server(4620) architectures/] Document changed: createSolutions.js
[Server(4620) architectures/] Document changed: createSolutions.js
[Server(4620) architectures/] Document changed: createSolutions.js
[Server(4620) architectures/] Document changed: createSolutions.js
[Server(4620) architectures/] Document changed: createSolutions.js
[Server(4620) architectures/] Document changed: createSolutions.js
[Server(4620) architectures/] Document changed: createSolutions.js
[Server(4620) architectures/] Document changed: createSolutions.js
[Server(4620) architectures/] Document changed: createSolutions.js
[Server(4620) architectures/] Document changed: createSolutions.js
[Server(4620) architectures/] Document changed: createSolutions.js
[Server(4620) architectures/] Document changed: createSolutions.js
[Server(4620) architectures/] Document changed: createSolutions.js
[Server(4620) architectures/] Document changed: createSolutions.js
[Server(4620) architectures/] Document changed: createSolutions.js
[Server(4620) architectures/] Document changed: createSolutions.js
[Server(4620) architectures/] Document changed: createSolutions.js
[Server(4620) architectures/] Document changed: createSolutions.js
[Server(4620) architectures/] Document changed: createSolutions.js
[Server(4620) architectures/] Document changed: createSolutions.js
[Server(4620) architectures/] Document changed: createSolutions.js
[Server(4620) architectures/] Document changed: createSolutions.js
[Server(4620) architectures/] Document changed: createSolutions.js
[Server(4620) architectures/] Document changed: createSolutions.js
[Server(4620) architectures/] Document changed: createSolutions.js
[Server(4620) architectures/] Document changed: createSolutions.js
[Server(4620) architectures/] Document changed: createSolutions.js
[Server(4620) architectures/] Document changed: createSolutions.js
[Server(4620) architectures/] Document changed: createSolutions.js
[Server(4620) architectures/] Document changed: createSolutions.js
[Server(4620) architectures/] Document changed: createSolutions.js
[Server(4620) architectures/] Document changed: createSolutions.js
[Server(4620) architectures/] Document changed: createSolutions.js
[Server(4620) architectures/] Document changed: createSolutions.js
[Server(4620) architectures/] Document changed: createSolutions.js
[Server(4620) architectures/] Document changed: createSolutions.js
[Server(4620) architectures/] Document changed: createSolutions.js
[Server(4620) architectures/] Document changed: createSolutions.js
[Server(4620) architectures/] Document changed: createSolutions.js
[Server(4620) architectures/] Document changed: createSolutions.js
[Server(4620) architectures/] Document changed: createSolutions.js
[Server(4620) architectures/] Document changed: createSolutions.js
[Server(4620) architectures/] Document changed: createSolutions.js
[Server(4620) architectures/] Document changed: createSolutions.js
solutions/${dirItem}/${imagePath}` 1282
Invalid Selector
test.png 1359
Invalid Selector
sharp(inputFile).resize({width: 1389
Invalid Selector
[Server(4620) architectures/] Document changed: createSolutions.js
${dirItem}`, 1620
Invalid Selector
myImage.src, 1661
Invalid Selector
[Server(4620) architectures/] Document changed: createSolutions.js
[Server(4620) architectures/] Document changed: createSolutions.js
[Server(4620) architectures/] Document changed: createSolutions.js
[Server(4620) architectures/] Document changed: createSolutions.js
[Server(4620) architectures/] Document changed: createSolutions.js
[Server(4620) architectures/] Document changed: createSolutions.js
[Server(4620) architectures/] Document changed: createSolutions.js
[Server(4620) architectures/] Document changed: createSolutions.js
[Server(4620) architectures/] Document changed: createSolutions.js
[Server(4620) architectures/] Document changed: createSolutions.js
[Server(4620) architectures/] Document changed: createSolutions.js
[Server(4620) architectures/] Document changed: createSolutions.js
[Server(4620) architectures/] Document changed: createSolutions.js
[Server(4620) architectures/] Document changed: createSolutions.js
[Server(4620) architectures/] Document changed: createSolutions.js
[Server(4620) architectures/] Document changed: createSolutions.js
[Server(4620) architectures/] Document changed: createSolutions.js
[Server(4620) architectures/] Document changed: createSolutions.js
[Server(4620) architectures/] Document changed: createSolutions.js
[Server(4620) architectures/] Document changed: createSolutions.js
[Server(4620) architectures/] Document changed: createSolutions.js
[Server(4620) architectures/] Document changed: createSolutions.js
[Server(4620) architectures/] Document changed: createSolutions.js
[Server(4620) architectures/] Document changed: createSolutions.js
[Server(4620) architectures/] Document changed: createSolutions.js
[Server(4620) architectures/] Document changed: createSolutions.js
[Server(4620) architectures/] Document changed: createSolutions.js
[Server(4620) architectures/] Document changed: createSolutions.js
[Server(4620) architectures/] Document changed: createSolutions.js
[Server(4620) architectures/] Document changed: createSolutions.js
[Server(4620) architectures/] Document changed: createSolutions.js
[Server(4620) architectures/] Document changed: createSolutions.js
[Server(4620) architectures/] Document changed: createSolutions.js
[Server(4620) architectures/] Document changed: createSolutions.js
[Server(4620) architectures/] Document changed: createSolutions.js
[Server(4620) architectures/] Document changed: createSolutions.js
[Server(4620) architectures/] Document changed: createSolutions.js
[Server(4620) architectures/] Document changed: createSolutions.js
[Server(4620) architectures/] Document changed: createSolutions.js
[Server(4620) architectures/] Document changed: createSolutions.js
[Server(4620) architectures/] Document changed: createSolutions.js
[Server(4620) architectures/] Document changed: createSolutions.js
[Server(4620) architectures/] Document changed: createSolutions.js
[Server(4620) architectures/] Document changed: createSolutions.js
[Server(4620) architectures/] Document changed: createSolutions.js
[Server(4620) architectures/] Document changed: createSolutions.js
[Server(4620) architectures/] Document changed: createSolutions.js
[Server(4620) architectures/] Document changed: createSolutions.js
[Server(4620) architectures/] Document changed: createSolutions.js
[Server(4620) architectures/] Document changed: createSolutions.js
[Server(4620) architectures/] Document changed: createSolutions.js
[Server(4620) architectures/] Document changed: createSolutions.js
[Server(4620) architectures/] Document changed: createSolutions.js
[Server(4620) architectures/] Document changed: createSolutions.js
[Server(4620) architectures/] Document changed: createSolutions.js
[Server(4620) architectures/] Document changed: createSolutions.js
[Server(4620) architectures/] Document changed: createSolutions.js
[Server(4620) architectures/] Document changed: createSolutions.js
[Server(4620) architectures/] Document changed: createSolutions.js
[Server(4620) architectures/] Document changed: createSolutions.js
[Server(4620) architectures/] Document changed: createSolutions.js
[Server(4620) architectures/] Document changed: createSolutions.js
[Server(4620) architectures/] Document changed: createSolutions.js
[Server(4620) architectures/] Document changed: createSolutions.js
[Server(4620) architectures/] Document changed: createSolutions.js
[Server(4620) architectures/] Document changed: createSolutions.js
[Server(4620) architectures/] Document changed: createSolutions.js
[Server(4620) architectures/] Document changed: createSolutions.js
[Server(4620) architectures/] Document changed: createSolutions.js
[Server(4620) architectures/] Document changed: createSolutions.js
[Server(4620) architectures/] Document changed: createSolutions.js
[Server(4620) architectures/] Document changed: createSolutions.js
[Server(4620) architectures/] Document changed: createSolutions.js
[Server(4620) architectures/] Document changed: createSolutions.js
[Server(4620) architectures/] Document changed: createSolutions.js
[Server(4620) architectures/] Document changed: createSolutions.js
[Server(4620) architectures/] Document changed: createSolutions.js
[Server(4620) architectures/] Document changed: createSolutions.js
[Server(4620) architectures/] Document changed: createSolutions.js
[Server(4620) architectures/] Document changed: createSolutions.js
[Server(4620) architectures/] Document changed: createSolutions.js
[Server(4620) architectures/] Document changed: createSolutions.js
[Server(4620) architectures/] Document changed: createSolutions.js
[Server(4620) architectures/] Document changed: createSolutions.js
sharp(inputFile).resize().toFile(outputFile); 1437
Invalid Selector
[Server(4620) architectures/] Document changed: createSolutions.js
[Server(4620) architectures/] Document changed: createSolutions.js
[Server(4620) architectures/] Document changed: createSolutions.js
[Server(4620) architectures/] Document changed: createSolutions.js
[Server(4620) architectures/] Document changed: createSolutions.js
[Server(4620) architectures/] Document changed: createSolutions.js
[Server(4620) architectures/] Document changed: createSolutions.js
[Server(4620) architectures/] Document changed: createSolutions.js
[Server(4620) architectures/] Document changed: createSolutions.js
[Server(4620) architectures/] Document changed: createSolutions.js
[Server(4620) architectures/] Document changed: createSolutions.js
[Server(4620) architectures/] Document changed: createSolutions.js
[Server(4620) architectures/] Document changed: createSolutions.js
[Server(4620) architectures/] Document changed: createSolutions.js
[Server(4620) architectures/] Document changed: createSolutions.js
[Server(4620) architectures/] Document changed: createSolutions.js
[Server(4620) architectures/] Document changed: createSolutions.js
[Server(4620) architectures/] Document changed: createSolutions.js
solutions/${dirItem}/${imagePath}` 1378
Invalid Selector
[Server(4620) architectures/] Document changed: createSolutions.js
${dirItem}`, 1645
Invalid Selector
[Server(4620) architectures/] Document changed: createSolutions.js
[Server(4620) architectures/] Document changed: createSolutions.js
[Server(4620) architectures/] Document changed: createSolutions.js
[Server(4620) architectures/] Document changed: createSolutions.js
[Server(4620) architectures/] Document changed: createSolutions.js
[Server(4620) architectures/] Document changed: createSolutions.js
[Server(4620) architectures/] Document changed: createSolutions.js
[Server(4620) architectures/] Document changed: createSolutions.js
[Server(4620) architectures/] Document changed: createSolutions.js
[Server(4620) architectures/] Document changed: createSolutions.js
[Server(4620) architectures/] Document changed: createSolutions.js
[Server(4620) architectures/] Document changed: createSolutions.js
[Server(4620) architectures/] Document changed: createSolutions.js
image 1247
Invalid Selector
image 1247
Invalid Selector
sharp( 1338
Invalid Selector
).resize(200,200); 1350
Invalid Selector
[Server(4620) architectures/] Document changed: createSolutions.js
sharpimage).resize(200,200); 1338
Invalid Selector
[Server(4620) architectures/] Document changed: createSolutions.js
[Server(4620) architectures/] Document changed: createSolutions.js
[Server(4620) architectures/] Document changed: createSolutions.js
snippet 937
Invalid Selector
imagePath 797
Invalid Selector
imagePath 797
Invalid Selector
image 1245
Invalid Selector
[Server(4620) architectures/] Document changed: createSolutions.js
(imagePath 1255
Invalid Selector
[Server(4620) architectures/] Document changed: createSolutions.js
[Server(4620) architectures/] Document changed: createSolutions.js
[Server(4620) architectures/] Document changed: createSolutions.js
[Server(4620) architectures/] Document changed: createSolutions.js
[Server(4620) architectures/] Document changed: createSolutions.js
[Server(4620) architectures/] Document changed: createSolutions.js
[Server(4620) architectures/] Document changed: createSolutions.js
[Server(4620) architectures/] Document changed: createSolutions.js
[Server(4620) architectures/] Document changed: createSolutions.js
[Server(4620) architectures/] Document changed: createSolutions.js
headline: 1436
Invalid Selector
[Server(4620) architectures/] Document changed: createSolutions.js
[Server(4620) architectures/] Document changed: createSolutions.js
[Server(4620) architectures/] Document changed: createSolutions.js
[Server(4620) architectures/] Document changed: createSolutions.js
[Server(4620) architectures/] Document changed: createSolutions.js
[Server(4620) architectures/] Document changed: createSolutions.js
solutions/monitoring/Monitoring.png).resize(200,200); 1346
Invalid Selector
[Server(4620) architectures/] Document changed: createSolutions.js
[Server(4620) architectures/] Document changed: createSolutions.js
[Server(4620) architectures/] Document changed: createSolutions.js
[Server(4620) architectures/] Document changed: createSolutions.js
indexHtml( 633
Invalid Selector
[Server(4620) architectures/] Document changed: createSolutions.js
[Server(4620) architectures/] Document changed: createSolutions.js
[Server(4620) architectures/] Document changed: createSolutions.js
[Server(4620) architectures/] Document changed: createSolutions.js
[Server(4620) architectures/] Document changed: createSolutions.js
[Server(4620) architectures/] Document changed: createSolutions.js
[Server(4620) architectures/] Document changed: createSolutions.js
[Server(4620) architectures/] Document changed: createSolutions.js
[Server(4620) architectures/] Document changed: createSolutions.js
[Server(4620) architectures/] Document changed: createSolutions.js
[Server(4620) architectures/] Document changed: createSolutions.js
[Server(4620) architectures/] Document changed: createSolutions.js
[Server(4620) architectures/] Document changed: createSolutions.js
[Server(4620) architectures/] Document changed: createSolutions.js
[Server(4620) architectures/] Document changed: createSolutions.js
[Server(4620) architectures/] Document changed: createSolutions.js
[Server(4620) architectures/] Document changed: createSolutions.js
[Server(4620) architectures/] Document changed: createSolutions.js
[Server(4620) architectures/] Document changed: createSolutions.js
[Server(4620) architectures/] Document changed: createSolutions.js
[Server(4620) architectures/] Document changed: createSolutions.js
[Server(4620) architectures/] Document changed: createSolutions.js
[Server(4620) architectures/] Document changed: createSolutions.js
[Server(4620) architectures/] Document changed: createSolutions.js
[Server(4620) architectures/] Document changed: createSolutions.js
[Server(4620) architectures/] Document changed: createSolutions.js
[Server(4620) architectures/] Document changed: createSolutions.js
).resize(200,200).grayscale().toFile(); 1383
Invalid Selector
[Server(4620) architectures/] Document changed: createSolutions.js
[Server(4620) architectures/] Document changed: createSolutions.js
[Server(4620) architectures/] Document changed: createSolutions.js
[Server(4620) architectures/] Document changed: createSolutions.js
C:\xampp\htdocs\website\pages\architectures\solutions\monitoring/Monitoring.png 1345
Invalid Selector
C:\xampp\htdocs\website\pages\architectures\solutions\monitoring/Monitoring.png 1345
Invalid Selector
C:\xampp\htdocs\website\pages\architectures\solutions\monitoring/Monitoring.png 1345
Invalid Selector
[Server(4620) architectures/] Document changed: createSolutions.js
C:\xampp\htdocs\website\pages\architectures\solutions\monitoring/MonitoringNEW.png 1464
Invalid Selector
[Server(4620) architectures/] Document changed: createSolutions.js
C:\\xampp\htdocs\website\pages\architectures\solutions\monitoring/MonitoringNEW.png 1464
Invalid Selector
[Server(4620) architectures/] Document changed: createSolutions.js
C:\\xampp\\htdocs\website\pages\architectures\solutions\monitoring/MonitoringNEW.png 1464
Invalid Selector
C:\\xampp\\htdocs\website\pages\architectures\solutions\monitoring/MonitoringNEW.png 1464
Invalid Selector
C:\\xampp\\htdocs\website\pages\architectures\solutions\monitoring/MonitoringNEW.png 1464
Invalid Selector
C:\\xampp\\htdocs\website\pages\architectures\solutions\monitoring/MonitoringNEW.png 1464
Invalid Selector
[Server(4620) architectures/] Document changed: createSolutions.js
C:\\xampp\\htdocs\\website\pages\architectures\solutions\monitoring/MonitoringNEW.png 1464
Invalid Selector
[Server(4620) architectures/] Document changed: createSolutions.js
C:\\xampp\\htdocs\\website\\pages\architectures\solutions\monitoring/MonitoringNEW.png 1464
Invalid Selector
C:\\xampp\\htdocs\\website\\pages\architectures\solutions\monitoring/MonitoringNEW.png 1464
Invalid Selector
C:\\xampp\\htdocs\\website\\pages\architectures\solutions\monitoring/MonitoringNEW.png 1464
Invalid Selector
[Server(4620) architectures/] Document changed: createSolutions.js
C:\\xampp\\htdocs\\website\\pages\\architectures\solutions\monitoring/MonitoringNEW.png 1464
Invalid Selector
[Server(4620) architectures/] Document changed: createSolutions.js
C:\\xampp\\htdocs\\website\\pages\\architectures\\solutions\monitoring/MonitoringNEW.png 1464
Invalid Selector
[Server(4620) architectures/] Document changed: createSolutions.js
C:\\xampp\\htdocs\\website\\pages\\architectures\\solutions\\monitoring/MonitoringNEW.png 1464
Invalid Selector
C:\\xampp\htdocs\website\pages\architectures\solutions\monitoring/Monitoring.png 1345
Invalid Selector
[Server(4620) architectures/] Document changed: createSolutions.js
C:\\xampp\htdocs\website\pages\architectures\solutions\\monitoring/Monitoring.png 1345
Invalid Selector
C:\\xampp\htdocs\website\pages\architectures\solutions\\monitoring/Monitoring.png 1345
Invalid Selector
[Server(4620) architectures/] Document changed: createSolutions.js
C:\\xampp\htdocs\website\pages\architectures\\solutions\\monitoring/Monitoring.png 1345
Invalid Selector
C:\\xampp\htdocs\website\pages\architectures\\solutions\\monitoring/Monitoring.png 1345
Invalid Selector
[Server(4620) architectures/] Document changed: createSolutions.js
C:\\xampp\htdocs\website\pages\\architectures\\solutions\\monitoring/Monitoring.png 1345
Invalid Selector
[Server(4620) architectures/] Document changed: createSolutions.js
C:\\xampp\htdocs\website\\pages\\architectures\\solutions\\monitoring/Monitoring.png 1345
Invalid Selector
[Server(4620) architectures/] Document changed: createSolutions.js
[Server(4620) architectures/] Document changed: createSolutions.js
[Server(4620) architectures/] Document changed: createSolutions.js
[Server(4620) architectures/] Document changed: createSolutions.js
image: 1831
Invalid Selector
image: 1831
Invalid Selector
[Server(4620) architectures/] Document changed: createSolutions.js
(imagePath 1844
Invalid Selector
[Server(4620) architectures/] Document changed: createSolutions.js
[Server(4620) architectures/] Document changed: createSolutions.js
[Server(4620) architectures/] Document changed: createSolutions.js
snippet: 1933
Invalid Selector
[Server(4620) architectures/] Document changed: createSolutions.js
[Server(4620) architectures/] Document changed: createSolutions.js
[Server(4620) architectures/] Document changed: createSolutions.js
[Server(4620) architectures/] Document changed: createSolutions.js
[Server(4620) architectures/] Document changed: createSolutions.js
[Server(4620) architectures/] Document changed: createSolutions.js
[Server(4620) architectures/] Document changed: createSolutions.js
[Server(4620) architectures/] Document changed: createSolutions.js
[Server(4620) architectures/] Document changed: createSolutions.js
[Server(4620) architectures/] Document changed: createSolutions.js
[Server(4620) architectures/] Document changed: createSolutions.js
[Server(4620) architectures/] Document changed: createSolutions.js
[Server(4620) architectures/] Document changed: createSolutions.js
(!fileStats.isFile()) 379
Invalid Selector
