[Server(20908) architectures/] onInitialize
[Server(20908) architectures/] setupInitialStylemap
[Server(20908) architectures/] Document opened: createSolutions.js
[Server(20908) architectures/] Document changed: createSolutions.js
[Server(20908) architectures/] Document changed: createSolutions.js
[Server(20908) architectures/] Document changed: createSolutions.js
[Server(20908) architectures/] Document changed: createSolutions.js
[Server(20908) architectures/] Document changed: createSolutions.js
[Server(20908) architectures/] Document changed: createSolutions.js
[Server(20908) architectures/] Document changed: createSolutions.js
[Server(20908) architectures/] Document changed: createSolutions.js
[Server(20908) architectures/] Document changed: createSolutions.js
[Server(20908) architectures/] Document changed: createSolutions.js
[Server(20908) architectures/] Document changed: createSolutions.js
[Server(20908) architectures/] Document changed: createSolutions.js
[Server(20908) architectures/] Document changed: createSolutions.js
[Server(20908) architectures/] Document changed: createSolutions.js
[Server(20908) architectures/] Document changed: createSolutions.js
[Server(20908) architectures/] Document changed: createSolutions.js
C:\\xampp\\htdocs\\website\\pages\\architectures\\solutions\\monitoring/Monitoring.png 1389
Invalid Selector
[Server(20908) architectures/] Document changed: createSolutions.js
any.replace( 1337
Invalid Selector
newImage 1245
Invalid Selector
[Server(20908) architectures/] Document changed: createSolutions.js
newImage.replace( 1337
Invalid Selector
[Server(20908) architectures/] Document changed: createSolutions.js
newImage: 2053
Invalid Selector
[Server(20908) architectures/] Document changed: createSolutions.js
newImage: 2053
Invalid Selector
newImage: 2053
Invalid Selector
image: 1838
Invalid Selector
`solutions/${dirItem}`, 1791
Invalid Selector
[Server(20908) architectures/] Document changed: createSolutions.js
`solutions/${dirItem}`, 1791
Invalid Selector
(imagePath 1968
Invalid Selector
image 2063
Invalid Selector
image 2063
Invalid Selector
[Server(20908) architectures/] Document changed: createSolutions.js
newImage: 2053
Invalid Selector
image 2063
Invalid Selector
[Server(20908) architectures/] Document changed: createSolutions.js
newImage 2063
Invalid Selector
[Server(20908) architectures/] Document changed: createSolutions.js
[Server(20908) architectures/] Document changed: createSolutions.js
sharp(image).resize({width: 1635
Invalid Selector
[Server(20908) architectures/] Document changed: createSolutions.js
[Server(20908) architectures/] Document changed: createSolutions.js
[Server(20908) architectures/] Document changed: createSolutions.js
sharp( 1385
Invalid Selector
C:\\xampp\\htdocs\\website\\pages\\architectures\\solutions\\monitoring/Monitoring.png 1392
Invalid Selector
sharp(image).resize({width: 1635
Invalid Selector
sharp(image).resize({width: 1635
Invalid Selector
[Server(20908) architectures/] Document changed: createSolutions.js
sharp(newImage).resize({width: 1635
Invalid Selector
[Server(20908) architectures/] Document changed: createSolutions.js
sharp(newImage).resize({width: 1633
Invalid Selector
sharp(newImage).resize({width: 1633
Invalid Selector
[Server(20908) architectures/] Document changed: createSolutions.js
[Server(20908) architectures/] Document changed: createSolutions.js
[Server(20908) architectures/] Document changed: createSolutions.js
[Server(20908) architectures/] Document changed: createSolutions.js
[Server(20908) architectures/] Document changed: createSolutions.js
[Server(20908) architectures/] Document changed: createSolutions.js
${dirItem}`, 1809
Invalid Selector
image: 1845
Invalid Selector
image: 1845
Invalid Selector
[Server(20908) architectures/] Document changed: createSolutions.js
[Server(20908) architectures/] Document changed: createSolutions.js
[Server(20908) architectures/] Document changed: createSolutions.js
[Server(20908) architectures/] Document changed: createSolutions.js
[Server(20908) architectures/] Document changed: createSolutions.js
[Server(20908) architectures/] Document changed: createSolutions.js
[Server(20908) architectures/] Document changed: createSolutions.js
[Server(20908) architectures/] Document changed: createSolutions.js
[Server(20908) architectures/] Document changed: createSolutions.js
[Server(20908) architectures/] Document changed: createSolutions.js
[Server(20908) architectures/] Document changed: createSolutions.js
[Server(20908) architectures/] Document changed: createSolutions.js
[Server(20908) architectures/] Document changed: createSolutions.js
[Server(20908) architectures/] Document changed: createSolutions.js
[Server(20908) architectures/] Document changed: createSolutions.js
newImage 1245
Invalid Selector
newImage.replace( 1337
Invalid Selector
[Server(20908) architectures/] Document changed: createSolutions.js
[Server(20908) architectures/] Document changed: createSolutions.js
[Server(20908) architectures/] Document changed: createSolutions.js
[Server(20908) architectures/] Document changed: createSolutions.js
solutions/${dirItem}/${imagePath}` 1279
Invalid Selector
[Server(20908) architectures/] Document changed: createSolutions.js
[Server(20908) architectures/] Document changed: createSolutions.js
[Server(20908) architectures/] Document changed: createSolutions.js
[Server(20908) architectures/] Document changed: createSolutions.js
tmpImage 1341
Invalid Selector
newImage.replace( 1444
Invalid Selector
[Server(20908) architectures/] Document changed: createSolutions.js
${dirItem}/${imagePath}` 1385
Invalid Selector
[Server(20908) architectures/] Document changed: createSolutions.js
[Server(20908) architectures/] Document changed: createSolutions.js
[Server(20908) architectures/] Document changed: createSolutions.js
[Server(20908) architectures/] Document changed: createSolutions.js
[Server(20908) architectures/] Document changed: createSolutions.js
C:\\xampp\\htdocs\\website\\pages\\architectures\\solutions\\monitoring/Monitoring.png 1499
Invalid Selector
600}).png().toFile(tmpImage); 1771
Invalid Selector
[Server(20908) architectures/] Document changed: createSolutions.js
[Server(20908) architectures/] Document changed: createSolutions.js
[Server(20908) architectures/] Document changed: createSolutions.js
[Server(20908) architectures/] Document changed: createSolutions.js
[Server(20908) architectures/] Document changed: createSolutions.js
${imagePath}` 1888
Invalid Selector
[Server(20908) architectures/] Document changed: createSolutions.js
[Server(20908) architectures/] Document changed: createSolutions.js
[Server(20908) architectures/] Document changed: createSolutions.js
[Server(20908) architectures/] Document changed: createSolutions.js
[Server(20908) architectures/] Document changed: createSolutions.js
[Server(20908) architectures/] Document changed: createSolutions.js
[Server(20908) architectures/] Document changed: createSolutions.js
[Server(20908) architectures/] Document changed: createSolutions.js
[Server(20908) architectures/] Document changed: createSolutions.js
[Server(20908) architectures/] Document changed: createSolutions.js
newImage 1245
Invalid Selector
newImage 1433
Invalid Selector
sharp( 1492
Invalid Selector
[Server(20908) architectures/] Document changed: createSolutions.js
[Server(20908) architectures/] Document changed: createSolutions.js
[Server(20908) architectures/] Document changed: createSolutions.js
[Server(20908) architectures/] Document changed: createSolutions.js
[Server(20908) architectures/] Document changed: createSolutions.js
[Server(20908) architectures/] Document changed: createSolutions.js
[Server(20908) architectures/] Document changed: createSolutions.js
[Server(20908) architectures/] Document changed: createSolutions.js
[Server(20908) architectures/] Document changed: createSolutions.js
[Server(20908) architectures/] Document changed: createSolutions.js
[Server(20908) architectures/] Document changed: createSolutions.js
[Server(20908) architectures/] Document changed: createSolutions.js
[Server(20908) architectures/] Document changed: createSolutions.js
[Server(20908) architectures/] Document changed: createSolutions.js
[Server(20908) architectures/] Document changed: createSolutions.js
[Server(20908) architectures/] Document changed: createSolutions.js
[Server(20908) architectures/] Document changed: createSolutions.js
[Server(20908) architectures/] Document changed: createSolutions.js
[Server(20908) architectures/] Document changed: createSolutions.js
[Server(20908) architectures/] Document changed: createSolutions.js
[Server(20908) architectures/] Document changed: createSolutions.js
[Server(20908) architectures/] Document changed: createSolutions.js
[Server(20908) architectures/] Document changed: createSolutions.js
[Server(20908) architectures/] Document changed: createSolutions.js
[Server(20908) architectures/] Document changed: createSolutions.js
newImage 1433
Invalid Selector
${imagePath}` 1396
Invalid Selector
C:\\xampp\\htdocs\\website\\pages\\architectures\\solutions\\monitoring/Monitoring.png 1499
Invalid Selector
C:\\xampp\\htdocs\\website\\pages\\architectures\\solutions\\monitoring/Monitoring.png 1499
Invalid Selector
newImage).resize({width: 1751
Invalid Selector
[Server(20908) architectures/] Document changed: createSolutions.js
(imagePath 1751
Invalid Selector
[Server(20908) architectures/] Document changed: createSolutions.js
[Server(20908) architectures/] Document changed: createSolutions.js
[Server(20908) architectures/] Document changed: createSolutions.js
[Server(20908) architectures/] Document changed: createSolutions.js
[Server(20908) architectures/] Document changed: createSolutions.js
[Server(20908) architectures/] Document changed: createSolutions.js
[Server(20908) architectures/] Document changed: createSolutions.js
[Server(20908) architectures/] Document changed: createSolutions.js
[Server(20908) architectures/] Document changed: createSolutions.js
[Server(20908) architectures/] Document changed: createSolutions.js
[Server(20908) architectures/] Document changed: createSolutions.js
[Server(20908) architectures/] Document changed: createSolutions.js
[Server(20908) architectures/] Document changed: createSolutions.js
[Server(20908) architectures/] Document changed: createSolutions.js
[Server(20908) architectures/] Document changed: createSolutions.js
[Server(20908) architectures/] Document changed: createSolutions.js
[Server(20908) architectures/] Document changed: createSolutions.js
[Server(20908) architectures/] Document changed: createSolutions.js
[Server(20908) architectures/] Document changed: createSolutions.js
[Server(20908) architectures/] Document changed: createSolutions.js
[Server(20908) architectures/] Document changed: createSolutions.js
[Server(20908) architectures/] Document changed: createSolutions.js
[Server(20908) architectures/] Document changed: createSolutions.js
[Server(20908) architectures/] Document changed: createSolutions.js
[Server(20908) architectures/] Document changed: createSolutions.js
C:\Users\mdaniel\Desktop\Output\Pics 1850
Invalid Selector
[Server(20908) architectures/] Document changed: createSolutions.js
[Server(20908) architectures/] Document changed: createSolutions.js
C:\xampp\htdocs\website\pages\architectures\solutions\monitoring\test 1850
Invalid Selector
[Server(20908) architectures/] Document changed: createSolutions.js
[Server(20908) architectures/] Document changed: createSolutions.js
[Server(20908) architectures/] Document changed: createSolutions.js
[Server(20908) architectures/] Document changed: createSolutions.js
[Server(20908) architectures/] Document changed: createSolutions.js
[Server(20908) architectures/] Document changed: createSolutions.js
[Server(20908) architectures/] Document changed: createSolutions.js
[Server(20908) architectures/] Document changed: createSolutions.js
[Server(20908) architectures/] Document changed: createSolutions.js
[Server(20908) architectures/] Document changed: createSolutions.js
[Server(20908) architectures/] Document changed: createSolutions.js
C:\\xampp\\htdocs\\website\\pages\\architectures\\solutions\\monitoring\\test 1852
Invalid Selector
[Server(20908) architectures/] Document changed: createSolutions.js
C:\Users\mdaniel\Desktop\Projekt\test 1852
Invalid Selector
[Server(20908) architectures/] Document changed: createSolutions.js
C:\\Users\mdaniel\Desktop\Projekt\test 1852
Invalid Selector
[Server(20908) architectures/] Document changed: createSolutions.js
C:\\Users\\mdaniel\Desktop\Projekt\test 1852
Invalid Selector
C:\\Users\\mdaniel\Desktop\Projekt\test 1852
Invalid Selector
[Server(20908) architectures/] Document changed: createSolutions.js
C:\\Users\\mdaniel\\Desktop\Projekt\test 1852
Invalid Selector
C:\\Users\\mdaniel\\Desktop\Projekt\test 1852
Invalid Selector
[Server(20908) architectures/] Document changed: createSolutions.js
C:\\Users\\mdaniel\\Desktop\\Projekt\test 1852
Invalid Selector
C:\\Users\\mdaniel\\Desktop\\Projekt\test 1852
Invalid Selector
[Server(20908) architectures/] Document changed: createSolutions.js
[Server(20908) architectures/] Document changed: createSolutions.js
[Server(20908) architectures/] Document changed: createSolutions.js
[Server(20908) architectures/] Document changed: createSolutions.js
[Server(20908) architectures/] Document changed: createSolutions.js
[Server(20908) architectures/] Document changed: createSolutions.js
[Server(20908) architectures/] Document changed: createSolutions.js
[Server(20908) architectures/] Document changed: createSolutions.js
[Server(20908) architectures/] Document changed: createSolutions.js
[Server(20908) architectures/] Document changed: createSolutions.js
[Server(20908) architectures/] Document changed: createSolutions.js
[Server(20908) architectures/] Document changed: createSolutions.js
[Server(20908) architectures/] Document changed: createSolutions.js
[Server(20908) architectures/] Document changed: createSolutions.js
[Server(20908) architectures/] Document changed: createSolutions.js
[Server(20908) architectures/] Document changed: createSolutions.js
[Server(20908) architectures/] Document changed: createSolutions.js
[Server(20908) architectures/] Document changed: createSolutions.js
[Server(20908) architectures/] Document changed: createSolutions.js
[Server(20908) architectures/] Document changed: createSolutions.js
C:\\xampp\\htdocs\\website\\pages\\architectures\\solutions\\monitoring/MonitoringNEW.png 1629
Invalid Selector
[Server(20908) architectures/] Document changed: createSolutions.js
C:\Users\mdaniel\Desktop\Output\Pics 1629
Invalid Selector
[Server(20908) architectures/] Document changed: createSolutions.js
C:\\Users\mdaniel\Desktop\Output\Pics 1629
Invalid Selector
C:\\Users\mdaniel\Desktop\Output\Pics 1629
Invalid Selector
[Server(20908) architectures/] Document changed: createSolutions.js
C:\\Users\\mdaniel\Desktop\Output\Pics 1629
Invalid Selector
C:\\Users\\mdaniel\Desktop\Output\Pics 1629
Invalid Selector
[Server(20908) architectures/] Document changed: createSolutions.js
C:\\Users\\mdaniel\\Desktop\Output\Pics 1629
Invalid Selector
C:\\Users\\mdaniel\\Desktop\Output\Pics 1629
Invalid Selector
[Server(20908) architectures/] Document changed: createSolutions.js
C:\\Users\\mdaniel\\Desktop\\utput\Pics 1629
Invalid Selector
[Server(20908) architectures/] Document changed: createSolutions.js
C:\\Users\\mdaniel\\Desktop\\Output\Pics 1629
Invalid Selector
[Server(20908) architectures/] Document changed: createSolutions.js
C:\\Users\\mdaniel\\Desktop\\Output\\Pics 1629
Invalid Selector
C:\\Users\\mdaniel\\Desktop\\Output\\Pics 1629
Invalid Selector
[Server(20908) architectures/] Document changed: createSolutions.js
[Server(20908) architectures/] Document changed: createSolutions.js
[Server(20908) architectures/] Document changed: createSolutions.js
[Server(20908) architectures/] Document changed: createSolutions.js
[Server(20908) architectures/] Document changed: createSolutions.js
[Server(20908) architectures/] Document changed: createSolutions.js
[Server(20908) architectures/] Document changed: createSolutions.js
[Server(20908) architectures/] Document changed: createSolutions.js
[Server(20908) architectures/] Document changed: createSolutions.js
[Server(20908) architectures/] Document changed: createSolutions.js
[Server(20908) architectures/] Document changed: createSolutions.js
[Server(20908) architectures/] Document changed: createSolutions.js
[Server(20908) architectures/] Document changed: createSolutions.js
[Server(20908) architectures/] Document changed: createSolutions.js
[Server(20908) architectures/] Document changed: createSolutions.js
[Server(20908) architectures/] Document changed: createSolutions.js
(imagePath 2033
Invalid Selector
[Server(20908) architectures/] Document changed: createSolutions.js
[Server(20908) architectures/] Document changed: createSolutions.js
[Server(20908) architectures/] Document changed: createSolutions.js
[Server(20908) architectures/] Document changed: createSolutions.js
[Server(20908) architectures/] Document changed: createSolutions.js
[Server(20908) architectures/] Document changed: createSolutions.js
[Server(20908) architectures/] Document changed: createSolutions.js
[Server(20908) architectures/] Document changed: createSolutions.js
[Server(20908) architectures/] Document changed: createSolutions.js
[Server(20908) architectures/] Document changed: createSolutions.js
Monitoring.png 1379
Invalid Selector
[Server(20908) architectures/] Document changed: createSolutions.js
[Server(20908) architectures/] Document changed: createSolutions.js
[Server(20908) architectures/] Document changed: createSolutions.js
[Server(20908) architectures/] Document changed: createSolutions.js
[Server(20908) architectures/] Document changed: createSolutions.js
image: 1863
Invalid Selector
snippet 2031
Invalid Selector
[Server(20908) architectures/] Document changed: createSolutions.js
[Server(20908) architectures/] Document changed: createSolutions.js
[Server(20908) architectures/] Document changed: createSolutions.js
[Server(20908) architectures/] Document changed: createSolutions.js
[Server(20908) architectures/] Document changed: createSolutions.js
[Server(20908) architectures/] Document changed: createSolutions.js
[Server(20908) architectures/] Document changed: createSolutions.js
[Server(20908) architectures/] Document changed: createSolutions.js
[Server(20908) architectures/] Document changed: createSolutions.js
[Server(20908) architectures/] Document changed: createSolutions.js
[Server(20908) architectures/] Document changed: createSolutions.js
[Server(20908) architectures/] Document changed: createSolutions.js
[Server(20908) architectures/] Document changed: createSolutions.js
[Server(20908) architectures/] Document changed: createSolutions.js
[Server(20908) architectures/] Document changed: createSolutions.js
[Server(20908) architectures/] Document changed: createSolutions.js
[Server(20908) architectures/] Document changed: createSolutions.js
[Server(20908) architectures/] Document changed: createSolutions.js
[Server(20908) architectures/] Document changed: createSolutions.js
[Server(20908) architectures/] Document changed: createSolutions.js
[Server(20908) architectures/] Document changed: createSolutions.js
[Server(20908) architectures/] Document changed: createSolutions.js
[Server(20908) architectures/] Document changed: createSolutions.js
[Server(20908) architectures/] Document changed: createSolutions.js
[Server(20908) architectures/] Document changed: createSolutions.js
[Server(20908) architectures/] Document changed: createSolutions.js
[Server(20908) architectures/] Document changed: createSolutions.js
[Server(20908) architectures/] Document changed: createSolutions.js
[Server(20908) architectures/] Document changed: createSolutions.js
[Server(20908) architectures/] Document changed: createSolutions.js
[Server(20908) architectures/] Document changed: createSolutions.js
[Server(20908) architectures/] Document changed: createSolutions.js
[Server(20908) architectures/] Document changed: createSolutions.js
[Server(20908) architectures/] Document changed: createSolutions.js
[Server(20908) architectures/] Document changed: createSolutions.js
[Server(20908) architectures/] Document changed: createSolutions.js
[Server(20908) architectures/] Document changed: createSolutions.js
[Server(20908) architectures/] Document changed: createSolutions.js
[Server(20908) architectures/] Document changed: createSolutions.js
[Server(20908) architectures/] Document changed: createSolutions.js
[Server(20908) architectures/] Document changed: createSolutions.js
[Server(20908) architectures/] Document changed: createSolutions.js
[Server(20908) architectures/] Document changed: createSolutions.js
[Server(20908) architectures/] Document changed: createSolutions.js
[Server(20908) architectures/] Document changed: createSolutions.js
[Server(20908) architectures/] Document changed: createSolutions.js
[Server(20908) architectures/] Document changed: createSolutions.js
[Server(20908) architectures/] Document changed: createSolutions.js
[Server(20908) architectures/] Document changed: createSolutions.js
[Server(20908) architectures/] Document changed: createSolutions.js
[Server(20908) architectures/] Document changed: createSolutions.js
[Server(20908) architectures/] Document changed: createSolutions.js
[Server(20908) architectures/] Document changed: createSolutions.js
[Server(20908) architectures/] Document changed: createSolutions.js
[Server(20908) architectures/] Document changed: createSolutions.js
[Server(20908) architectures/] Document changed: createSolutions.js
[Server(20908) architectures/] Document changed: createSolutions.js
[Server(20908) architectures/] Document changed: createSolutions.js
[Server(20908) architectures/] Document changed: createSolutions.js
[Server(20908) architectures/] Document changed: createSolutions.js
[Server(20908) architectures/] Document changed: createSolutions.js
[Server(20908) architectures/] Document changed: createSolutions.js
[Server(20908) architectures/] Document changed: createSolutions.js
[Server(20908) architectures/] Document changed: createSolutions.js
[Server(20908) architectures/] Document changed: createSolutions.js
[Server(20908) architectures/] Document changed: createSolutions.js
[Server(20908) architectures/] Document changed: createSolutions.js
[Server(20908) architectures/] Document changed: createSolutions.js
[Server(20908) architectures/] Document changed: createSolutions.js
[Server(20908) architectures/] Document changed: createSolutions.js
[Server(20908) architectures/] Document changed: createSolutions.js
[Server(20908) architectures/] Document changed: createSolutions.js
[Server(20908) architectures/] Document changed: createSolutions.js
[Server(20908) architectures/] Document changed: createSolutions.js
[Server(20908) architectures/] Document changed: createSolutions.js
[Server(20908) architectures/] Document changed: createSolutions.js
[Server(20908) architectures/] Document changed: createSolutions.js
[Server(20908) architectures/] Document changed: createSolutions.js
[Server(20908) architectures/] Document changed: createSolutions.js
[Server(20908) architectures/] Document changed: createSolutions.js
[Server(20908) architectures/] Document changed: createSolutions.js
[Server(20908) architectures/] Document changed: createSolutions.js
[Server(20908) architectures/] Document changed: createSolutions.js
[Server(20908) architectures/] Document changed: createSolutions.js
[Server(20908) architectures/] Document changed: createSolutions.js
[Server(20908) architectures/] Document changed: createSolutions.js
[Server(20908) architectures/] Document changed: createSolutions.js
[Server(20908) architectures/] Document changed: createSolutions.js
[Server(20908) architectures/] Document changed: createSolutions.js
[Server(20908) architectures/] Document changed: createSolutions.js
[Server(20908) architectures/] Document changed: createSolutions.js
[Server(20908) architectures/] Document changed: createSolutions.js
[Server(20908) architectures/] Document changed: createSolutions.js
[Server(20908) architectures/] Document changed: createSolutions.js
[Server(20908) architectures/] Document changed: createSolutions.js
[Server(20908) architectures/] Document changed: createSolutions.js
[Server(20908) architectures/] Document changed: createSolutions.js
[Server(20908) architectures/] Document changed: createSolutions.js
[Server(20908) architectures/] Document changed: createSolutions.js
[Server(20908) architectures/] Document changed: createSolutions.js
[Server(20908) architectures/] Document changed: createSolutions.js
[Server(20908) architectures/] Document changed: createSolutions.js
[Server(20908) architectures/] Document changed: createSolutions.js
[Server(20908) architectures/] Document changed: createSolutions.js
[Server(20908) architectures/] Document changed: createSolutions.js
[Server(20908) architectures/] Document changed: createSolutions.js
[Server(20908) architectures/] Document changed: createSolutions.js
[Server(20908) architectures/] Document changed: createSolutions.js
[Server(20908) architectures/] Document changed: createSolutions.js
[Server(20908) architectures/] Document changed: createSolutions.js
C:\\Users\\mdaniel\\Desktop\\Output\\Pics 1556
Invalid Selector
[Server(20908) architectures/] Document changed: createSolutions.js
).resize({width: 1525
Invalid Selector
[Server(20908) architectures/] Document changed: createSolutions.js
C:\\Users\\mdaniel\\Desktop\\Output\\Pics\\${dirItem} 1556
Invalid Selector
C:\\Users\\mdaniel\\Desktop\\Output\\Pics\\${dirItem} 1556
Invalid Selector
[Server(20908) architectures/] Document changed: createSolutions.js
[Server(20908) architectures/] Document changed: createSolutions.js
[Server(20908) architectures/] Document changed: createSolutions.js
[Server(20908) architectures/] Document changed: createSolutions.js
[Server(20908) architectures/] Document changed: createSolutions.js
[Server(20908) architectures/] Document changed: createSolutions.js
[Server(20908) architectures/] Document changed: createSolutions.js
[Server(20908) architectures/] Document changed: createSolutions.js
[Server(20908) architectures/] Document changed: createSolutions.js
[Server(20908) architectures/] Document changed: createSolutions.js
[Server(20908) architectures/] Document changed: createSolutions.js
[Server(20908) architectures/] Document changed: createSolutions.js
[Server(20908) architectures/] Document changed: createSolutions.js
[Server(20908) architectures/] Document changed: createSolutions.js
[Server(20908) architectures/] Document changed: createSolutions.js
[Server(20908) architectures/] Document changed: createSolutions.js
[Server(20908) architectures/] Document changed: createSolutions.js
[Server(20908) architectures/] Document changed: createSolutions.js
[Server(20908) architectures/] Document changed: createSolutions.js
[Server(20908) architectures/] Document changed: createSolutions.js
[Server(20908) architectures/] Document changed: createSolutions.js
[Server(20908) architectures/] Document changed: createSolutions.js
[Server(20908) architectures/] Document changed: createSolutions.js
[Server(20908) architectures/] Document changed: createSolutions.js
[Server(20908) architectures/] Document changed: createSolutions.js
