[Server(19428) architectures/] onInitialize
[Server(19428) architectures/] setupInitialStylemap
[Server(19428) architectures/] Document opened: createSolutions.js
[Server(19428) architectures/] Document changed: createSolutions.js
[Server(19428) architectures/] Document changed: createSolutions.js
[Server(19428) architectures/] Document changed: createSolutions.js
[Server(19428) architectures/] Document changed: createSolutions.js
[Server(19428) architectures/] Document changed: createSolutions.js
[Server(19428) architectures/] Document changed: createSolutions.js
[Server(19428) architectures/] Document changed: createSolutions.js
[Server(19428) architectures/] Document changed: createSolutions.js
[Server(19428) architectures/] Document changed: createSolutions.js
[Server(19428) architectures/] Document changed: createSolutions.js
[Server(19428) architectures/] Document changed: createSolutions.js
[Server(19428) architectures/] Document changed: createSolutions.js
[Server(19428) architectures/] Document changed: createSolutions.js
[Server(19428) architectures/] Document changed: createSolutions.js
[Server(19428) architectures/] Document changed: createSolutions.js
[Server(19428) architectures/] Document changed: createSolutions.js
[Server(19428) architectures/] Document changed: createSolutions.js
[Server(19428) architectures/] Document changed: createSolutions.js
snippetLength 1105
Invalid Selector
).first().text() 647
Invalid Selector
[Server(19428) architectures/] Document changed: createSolutions.js
).first().text() 647
Invalid Selector
[Server(19428) architectures/] Document changed: createSolutions.js
myImage.src 1238
Invalid Selector
[Server(19428) architectures/] Document changed: createSolutions.js
[Server(19428) architectures/] Document changed: createSolutions.js
[Server(19428) architectures/] Document changed: createSolutions.js
[Server(19428) architectures/] Document changed: createSolutions.js
[Server(19428) architectures/] Document changed: createSolutions.js
[Server(19428) architectures/] Document changed: createSolutions.js
[Server(19428) architectures/] Document changed: createSolutions.js
[Server(19428) architectures/] Document changed: createSolutions.js
[Server(19428) architectures/] Document changed: createSolutions.js
${imagePath}` 1296
Invalid Selector
headline, 1427
Invalid Selector
myImage, 1516
Invalid Selector
snippet 1555
Invalid Selector
solutions[dirItem] 1373
Invalid Selector
solutions[dirItem] 1373
Invalid Selector
solutions[dirItem] 1373
Invalid Selector
solutions[dirItem] 1373
Invalid Selector
headline: 1417
Invalid Selector
`solutions/${dirItem}`, 1464
Invalid Selector
myImage, 1516
Invalid Selector
[Server(19428) architectures/] Document changed: createSolutions.js
[Server(19428) architectures/] Document changed: createSolutions.js
