[Server(14240) architectures/] onInitialize
[Server(14240) architectures/] setupInitialStylemap
[Server(14240) architectures/] Document opened: createSolutions.js
[Server(14240) architectures/] Document changed: createSolutions.js
[Server(14240) architectures/] Document changed: createSolutions.js
[Server(14240) architectures/] Document changed: createSolutions.js
[Server(14240) architectures/] Document changed: createSolutions.js
[Server(14240) architectures/] Document changed: createSolutions.js
[Server(14240) architectures/] Document changed: createSolutions.js
[Server(14240) architectures/] Document changed: createSolutions.js
[Server(14240) architectures/] Document changed: createSolutions.js
[Server(14240) architectures/] Document changed: createSolutions.js
[Server(14240) architectures/] Document changed: createSolutions.js
[Server(14240) architectures/] Document changed: createSolutions.js
[Server(14240) architectures/] Document changed: createSolutions.js
[Server(14240) architectures/] Document changed: createSolutions.js
[Server(14240) architectures/] Document changed: createSolutions.js
[Server(14240) architectures/] Document changed: createSolutions.js
[Server(14240) architectures/] Document changed: createSolutions.js
[Server(14240) architectures/] Document changed: createSolutions.js
[Server(14240) architectures/] Document changed: createSolutions.js
[Server(14240) architectures/] Document changed: createSolutions.js
[Server(14240) architectures/] Document changed: createSolutions.js
[Server(14240) architectures/] Document changed: createSolutions.js
[Server(14240) architectures/] Document changed: createSolutions.js
[Server(14240) architectures/] Document changed: createSolutions.js
[Server(14240) architectures/] Document changed: createSolutions.js
[Server(14240) architectures/] Document changed: createSolutions.js
[Server(14240) architectures/] Document changed: createSolutions.js
snippet 937
Invalid Selector
[Server(14240) architectures/] Document changed: createSolutions.js
imagePath 1255
Invalid Selector
${dirItem}`, 1386
Invalid Selector
${dirItem}`, 1386
Invalid Selector
[Server(14240) architectures/] Document changed: createSolutions.js
[Server(14240) architectures/] Document changed: createSolutions.js
[Server(14240) architectures/] Document changed: createSolutions.js
[Server(14240) architectures/] Document changed: createSolutions.js
[Server(14240) architectures/] Document changed: createSolutions.js
[Server(14240) architectures/] Document changed: createSolutions.js
[Server(14240) architectures/] Document changed: createSolutions.js
[Server(14240) architectures/] Document changed: createSolutions.js
[Server(14240) architectures/] Document changed: createSolutions.js
[Server(14240) architectures/] Document changed: createSolutions.js
[Server(14240) architectures/] Document changed: createSolutions.js
[Server(14240) architectures/] Document changed: createSolutions.js
[Server(14240) architectures/] Document changed: createSolutions.js
[Server(14240) architectures/] Document changed: createSolutions.js
[Server(14240) architectures/] Document changed: createSolutions.js
[Server(14240) architectures/] Document changed: createSolutions.js
myImage 1198
Invalid Selector
myImage 1198
Invalid Selector
[Server(14240) architectures/] Document changed: createSolutions.js
