[Server(19084) architectures/] onInitialize
[Server(19084) architectures/] setupInitialStylemap
[Server(19084) architectures/] Document opened: createSolutions.js
[Server(19084) architectures/] Document changed: createSolutions.js
[Server(19084) architectures/] Document changed: createSolutions.js
[Server(19084) architectures/] Document changed: createSolutions.js
[Server(19084) architectures/] Document changed: createSolutions.js
[Server(19084) architectures/] Document changed: createSolutions.js
[Server(19084) architectures/] Document changed: createSolutions.js
[Server(19084) architectures/] Document changed: createSolutions.js
[Server(19084) architectures/] Document changed: createSolutions.js
solutions[dirItem] 1744
Invalid Selector
[Server(19084) architectures/] Document changed: createSolutions.js
[Server(19084) architectures/] Document changed: createSolutions.js
[Server(19084) architectures/] Document changed: createSolutions.js
[Server(19084) architectures/] Document changed: createSolutions.js
[Server(19084) architectures/] Document changed: createSolutions.js
[Server(19084) architectures/] Document changed: createSolutions.js
[Server(19084) architectures/] Document changed: createSolutions.js
[Server(19084) architectures/] Document changed: createSolutions.js
[Server(19084) architectures/] Document changed: createSolutions.js
[Server(19084) architectures/] Document changed: createSolutions.js
[Server(19084) architectures/] Document changed: createSolutions.js
[Server(19084) architectures/] Document changed: createSolutions.js
[Server(19084) architectures/] Document changed: createSolutions.js
[Server(19084) architectures/] Document changed: createSolutions.js
[Server(19084) architectures/] Document changed: createSolutions.js
[Server(19084) architectures/] Document changed: createSolutions.js
[Server(19084) architectures/] Document changed: createSolutions.js
[Server(19084) architectures/] Document changed: createSolutions.js
[Server(19084) architectures/] Document changed: createSolutions.js
[Server(19084) architectures/] Document changed: createSolutions.js
[Server(19084) architectures/] Document changed: createSolutions.js
[Server(19084) architectures/] Document changed: createSolutions.js
[Server(19084) architectures/] Document changed: createSolutions.js
[Server(19084) architectures/] Document changed: createSolutions.js
[Server(19084) architectures/] Document changed: createSolutions.js
[Server(19084) architectures/] Document changed: createSolutions.js
[Server(19084) architectures/] Document changed: createSolutions.js
[Server(19084) architectures/] Document changed: createSolutions.js
[Server(19084) architectures/] Document changed: createSolutions.js
[Server(19084) architectures/] Document changed: createSolutions.js
[Server(19084) architectures/] Document changed: createSolutions.js
[Server(19084) architectures/] Document changed: createSolutions.js
[Server(19084) architectures/] Document changed: createSolutions.js
[Server(19084) architectures/] Document changed: createSolutions.js
[Server(19084) architectures/] Document changed: createSolutions.js
[Server(19084) architectures/] Document changed: createSolutions.js
[Server(19084) architectures/] Document changed: createSolutions.js
[Server(19084) architectures/] Document changed: createSolutions.js
[Server(19084) architectures/] Document changed: createSolutions.js
[Server(19084) architectures/] Document changed: createSolutions.js
[Server(19084) architectures/] Document changed: createSolutions.js
[Server(19084) architectures/] Document changed: createSolutions.js
[Server(19084) architectures/] Document changed: createSolutions.js
[Server(19084) architectures/] Document changed: createSolutions.js
C:\\xampp\\htdocs\\website\\pages\\architectures\\solutions\\monitoring/Monitoring.png 1386
Invalid Selector
[Server(19084) architectures/] Document changed: createSolutions.js
[Server(19084) architectures/] Document changed: createSolutions.js
[Server(19084) architectures/] Document changed: createSolutions.js
[Server(19084) architectures/] Document changed: createSolutions.js
[Server(19084) architectures/] Document changed: createSolutions.js
[Server(19084) architectures/] Document changed: createSolutions.js
[Server(19084) architectures/] Document changed: createSolutions.js
[Server(19084) architectures/] Document changed: createSolutions.js
[Server(19084) architectures/] Document changed: createSolutions.js
[Server(19084) architectures/] Document changed: createSolutions.js
[Server(19084) architectures/] Document changed: createSolutions.js
[Server(19084) architectures/] Document changed: createSolutions.js
[Server(19084) architectures/] Document changed: createSolutions.js
[Server(19084) architectures/] Document changed: createSolutions.js
[Server(19084) architectures/] Document changed: createSolutions.js
[Server(19084) architectures/] Document changed: createSolutions.js
[Server(19084) architectures/] Document changed: createSolutions.js
[Server(19084) architectures/] Document changed: createSolutions.js
[Server(19084) architectures/] Document changed: createSolutions.js
[Server(19084) architectures/] Document changed: createSolutions.js
[Server(19084) architectures/] Document changed: createSolutions.js
