[Error - 12:51:53] 19.08.2021, 12:51:53 Initialization failed 
Invalid project description.
org.eclipse.core.internal.resources.ResourceException: Invalid project description.
	at org.eclipse.core.internal.resources.Project.checkDescription(Project.java:173)
	at org.eclipse.core.internal.resources.Project.assertCreateRequirements(Project.java:57)
	at org.eclipse.core.internal.resources.Project.create(Project.java:266)
	at org.eclipse.core.internal.resources.Project.create(Project.java:252)
	at org.eclipse.m2e.core.internal.project.ProjectConfigurationManager.create(ProjectConfigurationManager.java:998)
	at org.eclipse.m2e.core.internal.project.ProjectConfigurationManager.lambda$0(ProjectConfigurationManager.java:163)
	at org.eclipse.m2e.core.internal.embedder.MavenExecutionContext.executeBare(MavenExecutionContext.java:179)
	at org.eclipse.m2e.core.internal.embedder.MavenExecutionContext.execute(MavenExecutionContext.java:153)
	at org.eclipse.m2e.core.internal.embedder.MavenExecutionContext.execute(MavenExecutionContext.java:101)
	at org.eclipse.m2e.core.internal.embedder.MavenImpl.execute(MavenImpl.java:1374)
	at org.eclipse.m2e.core.internal.project.ProjectConfigurationManager.importProjects(ProjectConfigurationManager.java:146)
	at org.eclipse.m2e.core.internal.project.ProjectConfigurationManager.importProjects(ProjectConfigurationManager.java:136)
	at org.eclipse.jdt.ls.core.internal.managers.MavenProjectImporter.importToWorkspace(MavenProjectImporter.java:194)
	at org.eclipse.jdt.ls.core.internal.managers.ProjectsManager.importProjects(ProjectsManager.java:113)
	at org.eclipse.jdt.ls.core.internal.managers.ProjectsManager.initializeProjects(ProjectsManager.java:102)
	at org.eclipse.jdt.ls.core.internal.handlers.InitHandler$1.runInWorkspace(InitHandler.java:203)
	at org.eclipse.core.internal.resources.InternalWorkspaceJob.run(InternalWorkspaceJob.java:42)
	at org.eclipse.core.internal.jobs.Worker.run(Worker.java:63)
Contains: OK
Contains: C:\Users\mdaniel\Desktop\Projekt\workspaces\architectures overlaps the workspace location: C:\Users\mdaniel\Desktop\Projekt\workspaces\architectures\.vscode\.userdata\User\workspaceStorage\3b5636926364f498bbe3d111753c0d60\redhat.java\jdt_ws

