[Server(21256) architectures/] onInitialize
[Server(21256) architectures/] setupInitialStylemap
[Server(21256) architectures/] Document opened: createSolutions.js
[Server(21256) architectures/] Document changed: createSolutions.js
[Server(21256) architectures/] Document changed: createSolutions.js
[Server(21256) architectures/] Document changed: createSolutions.js
C:\\xampp\\htdocs\\website\\pages\\architectures\\solutions\\monitoring\\Monitoring.png 1892
Invalid Selector
[Server(21256) architectures/] Document changed: createSolutions.js
[Server(21256) architectures/] Document changed: createSolutions.js
${dirItem} 1603
Invalid Selector
[Server(21256) architectures/] Document changed: createSolutions.js
[Server(21256) architectures/] Document changed: createSolutions.js
indexHtml( 667
Invalid Selector
[Server(21256) architectures/] Document changed: createSolutions.js
[Server(21256) architectures/] Document changed: createSolutions.js
[Server(21256) architectures/] Document changed: createSolutions.js
[Server(21256) architectures/] Document changed: createSolutions.js
[Server(21256) architectures/] Document changed: createSolutions.js
`${dirItem}` 1603
Invalid Selector
600}).grayscale(), 1999
Invalid Selector
[Server(21256) architectures/] Document changed: createSolutions.js
[Server(21256) architectures/] Document changed: createSolutions.js
[Server(21256) architectures/] Document changed: createSolutions.js
[Server(21256) architectures/] Document changed: createSolutions.js
[Server(21256) architectures/] Document changed: createSolutions.js
[Server(21256) architectures/] Document changed: createSolutions.js
[Server(21256) architectures/] Document changed: createSolutions.js
[Server(21256) architectures/] Document changed: createSolutions.js
[Server(21256) architectures/] Document changed: createSolutions.js
[Server(21256) architectures/] Document changed: createSolutions.js
[Server(21256) architectures/] Document changed: createSolutions.js
[Server(21256) architectures/] Document changed: createSolutions.js
[Server(21256) architectures/] Document changed: createSolutions.js
[Server(21256) architectures/] Document changed: createSolutions.js
[Server(21256) architectures/] Document changed: createSolutions.js
[Server(21256) architectures/] Document changed: createSolutions.js
C:/Users/mdaniel/Desktop/Output/Pics/ 2047
Invalid Selector
mdaniel/Desktop/Output/Pics/ 2056
Invalid Selector
[Server(21256) architectures/] Document changed: createSolutions.js
Output/Pics/ 2066
Invalid Selector
[Server(21256) architectures/] Document changed: createSolutions.js
[Server(21256) architectures/] Document changed: createSolutions.js
[Server(21256) architectures/] Document changed: createSolutions.js
[Server(21256) architectures/] Document changed: createSolutions.js
[Server(21256) architectures/] Document changed: createSolutions.js
[Server(21256) architectures/] Document changed: createSolutions.js
[Server(21256) architectures/] Document changed: createSolutions.js
[Server(21256) architectures/] Document changed: createSolutions.js
[Server(21256) architectures/] Document changed: createSolutions.js
[Server(21256) architectures/] Document changed: createSolutions.js
[Server(21256) architectures/] Document changed: createSolutions.js
[Server(21256) architectures/] Document changed: createSolutions.js
[Server(21256) architectures/] Document changed: createSolutions.js
[Server(21256) architectures/] Document changed: createSolutions.js
[Server(21256) architectures/] Document changed: createSolutions.js
[Server(21256) architectures/] Document changed: createSolutions.js
[Server(21256) architectures/] Document changed: createSolutions.js
[Server(21256) architectures/] Document changed: createSolutions.js
${dirItem}/${imagePath} 1548
Invalid Selector
solutions/${dirItem}/${imagePath} 1538
Invalid Selector
[Server(21256) architectures/] Document changed: createSolutions.js
${imagePath} 1569
Invalid Selector
${dirItem}/${imagePath} 1558
Invalid Selector
[Server(21256) architectures/] Document changed: createSolutions.js
[Server(21256) architectures/] Document changed: createSolutions.js
[Server(21256) architectures/] Document changed: createSolutions.js
[Server(21256) architectures/] Document changed: createSolutions.js
[Server(21256) architectures/] Document changed: createSolutions.js
[Server(21256) architectures/] Document changed: createSolutions.js
[Server(21256) architectures/] Document changed: createSolutions.js
[Server(21256) architectures/] Document changed: createSolutions.js
[Server(21256) architectures/] Document changed: createSolutions.js
[Server(21256) architectures/] Document changed: createSolutions.js
[Server(21256) architectures/] Document changed: createSolutions.js
[Server(21256) architectures/] Document changed: createSolutions.js
[Server(21256) architectures/] Document changed: createSolutions.js
[Server(21256) architectures/] Document changed: createSolutions.js
[Server(21256) architectures/] Document changed: createSolutions.js
[Server(21256) architectures/] Document changed: createSolutions.js
[Server(21256) architectures/] Document changed: createSolutions.js
[Server(21256) architectures/] Document changed: createSolutions.js
[Server(21256) architectures/] Document changed: createSolutions.js
[Server(21256) architectures/] Document changed: createSolutions.js
newImage.replace( 1254
Invalid Selector
[Server(21256) architectures/] Document changed: createSolutions.js
[Server(21256) architectures/] Document changed: createSolutions.js
[Server(21256) architectures/] Document changed: createSolutions.js
tmpImage 1305
Invalid Selector
sharp().resize({width: 1548
Invalid Selector
[Server(21256) architectures/] Document changed: createSolutions.js
sharp(tmpImage).resize({width: 1548
Invalid Selector
sharp(tmpImage).resize({width: 1548
Invalid Selector
[Server(21256) architectures/] Document changed: createSolutions.js
[Server(21256) architectures/] Document changed: createSolutions.js
[Server(21256) architectures/] Document changed: createSolutions.js
[Server(21256) architectures/] Document changed: createSolutions.js
[Server(21256) architectures/] Document changed: createSolutions.js
[Server(21256) architectures/] Document changed: createSolutions.js
[Server(21256) architectures/] Document changed: createSolutions.js
[Server(21256) architectures/] Document changed: createSolutions.js
[Server(21256) architectures/] Document changed: createSolutions.js
[Server(21256) architectures/] Document changed: createSolutions.js
[Server(21256) architectures/] Document changed: createSolutions.js
[Server(21256) architectures/] Document changed: createSolutions.js
[Server(21256) architectures/] Document changed: createSolutions.js
[Server(21256) architectures/] Document changed: createSolutions.js
[Server(21256) architectures/] Document changed: createSolutions.js
[Server(21256) architectures/] Document changed: createSolutions.js
[Server(21256) architectures/] Document changed: createSolutions.js
[Server(21256) architectures/] Document changed: createSolutions.js
[Server(21256) architectures/] Document changed: createSolutions.js
[Server(21256) architectures/] Document changed: createSolutions.js
[Server(21256) architectures/] Document changed: createSolutions.js
[Server(21256) architectures/] Document changed: createSolutions.js
[Server(21256) architectures/] Document changed: createSolutions.js
[Server(21256) architectures/] Document changed: createSolutions.js
[Server(21256) architectures/] Document changed: createSolutions.js
[Server(21256) architectures/] Document changed: createSolutions.js
tmpImage 1397
Invalid Selector
[Server(21256) architectures/] Document changed: createSolutions.js
[Server(21256) architectures/] Document changed: createSolutions.js
[Server(21256) architectures/] Document changed: createSolutions.js
tmpImage.replace( 1408
Invalid Selector
[Server(21256) architectures/] Document changed: createSolutions.js
sharp(tmpImage.replace( 1664
Invalid Selector
sharp(tmpImage.replace( 1664
Invalid Selector
[Server(21256) architectures/] Document changed: createSolutions.js
[Server(21256) architectures/] Document changed: createSolutions.js
[Server(21256) architectures/] Document changed: createSolutions.js
[Server(21256) architectures/] Document changed: createSolutions.js
[Server(21256) architectures/] Document changed: createSolutions.js
[Server(21256) architectures/] Document changed: createSolutions.js
[Server(21256) architectures/] Document changed: createSolutions.js
[Server(21256) architectures/] Document changed: createSolutions.js
[Server(21256) architectures/] Document changed: createSolutions.js
[Server(21256) architectures/] Document changed: createSolutions.js
[Server(21256) architectures/] Document changed: createSolutions.js
var 1301
Invalid Selector
[Server(21256) architectures/] Document changed: createSolutions.js
sharp( 1440
Invalid Selector
[Server(21256) architectures/] Document changed: createSolutions.js
[Server(21256) architectures/] Document changed: createSolutions.js
[Server(21256) architectures/] Document changed: createSolutions.js
[Server(21256) architectures/] Document changed: createSolutions.js
[Server(21256) architectures/] Document changed: createSolutions.js
Desktop/Output/Pics/ 2230
Invalid Selector
Desktop/Output/Pics/ 2230
Invalid Selector
[Server(21256) architectures/] Document changed: createSolutions.js
[Server(21256) architectures/] Document changed: createSolutions.js
[Server(21256) architectures/] Document changed: createSolutions.js
${imagePath}` 1648
Invalid Selector
600}).toFile( 1719
Invalid Selector
+tmpImage).resize({width: 1693
Invalid Selector
[Server(21256) architectures/] Document changed: createSolutions.js
[Server(21256) architectures/] Document changed: createSolutions.js
[Server(21256) architectures/] Document changed: createSolutions.js
[Server(21256) architectures/] Document changed: createSolutions.js
[Server(21256) architectures/] Document changed: createSolutions.js
C:\\xampp\\htdocs\\website\\pages\\architectures\\solutions\\monitoring\\Monitoring.png 1447
Invalid Selector
[Server(21256) architectures/] Document changed: createSolutions.js
[Server(21256) architectures/] Document changed: createSolutions.js
[Server(21256) architectures/] Document changed: createSolutions.js
[Server(21256) architectures/] Document changed: createSolutions.js
[Server(21256) architectures/] Document changed: createSolutions.js
[Server(21256) architectures/] Document changed: createSolutions.js
[Server(21256) architectures/] Document changed: createSolutions.js
[Server(21256) architectures/] Document changed: createSolutions.js
[Server(21256) architectures/] Document changed: createSolutions.js
[Server(21256) architectures/] Document changed: createSolutions.js
[Server(21256) architectures/] Document changed: createSolutions.js
[Server(21256) architectures/] Document changed: createSolutions.js
[Server(21256) architectures/] Document changed: createSolutions.js
[Server(21256) architectures/] Document changed: createSolutions.js
[Server(21256) architectures/] Document changed: createSolutions.js
${dirItem}/${imagePath}` 1905
Invalid Selector
${dirItem}/${imagePath}` 1905
Invalid Selector
[Server(21256) architectures/] Document changed: createSolutions.js
[Server(21256) architectures/] Document changed: createSolutions.js
